<?xml version="1.0" encoding="UTF-8"?>
<!-- Generated by org.testng.reporters.JUnitReportReporter -->
<testsuite hostname="TRI02D-8S4G152" name="example.NewTest" tests="1" failures="0" timestamp="29 Oct 2018 09:31:17 GMT" time="12.216" errors="0">
  <testcase name="testEasy" time="12.216" classname="example.NewTest"/>
</testsuite> <!-- example.NewTest -->
